<?xml version="1.0" encoding="UTF-8"?>
<!-- Generated by org.testng.reporters.JUnitReportReporter -->
<testsuite hostname="DESKTOP-HNSPC8L" failures="0" tests="6" name="test.AdmTest" time="28.640" errors="0" timestamp="2025-06-02T21:01:33 GST" skipped="0">
  <testcase classname="test.AdmTest" name="LoginTest" time="7.226"/>
  <testcase classname="test.AdmTest" name="Apptest1" time="11.479"/>
  <testcase classname="test.AdmTest" name="NEgtestLogin1" time="2.950"/>
  <testcase classname="test.AdmTest" name="NEgtestLogin2" time="2.267"/>
  <testcase classname="test.AdmTest" name="NEgtestLogin3" time="2.328"/>
  <testcase classname="test.AdmTest" name="NEgtestLogin4" time="2.390"/>
</testsuite> <!-- test.AdmTest -->
